2012-12-21 05:49:32 DEBUG - [WalkerCMS] Beginning generation of page: home
2012-12-21 05:49:32 DEBUG - [WalkerCMS] Validated page ID: home
2012-12-21 07:06:49 DEBUG - [WalkerCMS] Beginning generation of page: home
2012-12-21 07:06:49 DEBUG - [WalkerCMS] Validated page ID: home
2012-12-21 07:06:55 DEBUG - [WalkerCMS] Beginning generation of page: services
2012-12-21 07:06:55 DEBUG - [WalkerCMS] Validated page ID: services
2012-12-21 07:06:56 DEBUG - [WalkerCMS] Beginning generation of page: pests
2012-12-21 07:06:56 DEBUG - [WalkerCMS] Validated page ID: pests
2012-12-21 07:07:00 DEBUG - [WalkerCMS] Beginning generation of page: contact
2012-12-21 07:07:00 DEBUG - [WalkerCMS] Validated page ID: contact
2012-12-21 07:07:01 DEBUG - [WalkerCMS] Beginning generation of page: about
2012-12-21 07:07:01 DEBUG - [WalkerCMS] Validated page ID: about
2012-12-21 07:11:32 DEBUG - [WalkerCMS] Beginning generation of page: home
2012-12-21 07:11:32 DEBUG - [WalkerCMS] Validated page ID: home
2012-12-21 07:12:38 DEBUG - [WalkerCMS] Beginning generation of page: home
2012-12-21 07:12:38 DEBUG - [WalkerCMS] Validated page ID: home
2012-12-21 07:12:42 DEBUG - [WalkerCMS] Beginning generation of page: home
2012-12-21 07:12:42 DEBUG - [WalkerCMS] Validated page ID: home
2012-12-21 07:22:16 DEBUG - [WalkerCMS] Beginning generation of page: home
2012-12-21 07:22:16 DEBUG - [WalkerCMS] Validated page ID: home
2012-12-21 07:24:00 DEBUG - [WalkerCMS] Beginning generation of page: home
2012-12-21 07:24:00 DEBUG - [WalkerCMS] Validated page ID: home
2012-12-21 07:46:42 DEBUG - [WalkerCMS] Beginning generation of page: services
2012-12-21 07:46:42 DEBUG - [WalkerCMS] Validated page ID: services
2012-12-21 07:46:48 DEBUG - [WalkerCMS] Beginning generation of page: pests
2012-12-21 07:46:48 DEBUG - [WalkerCMS] Validated page ID: pests
2012-12-21 07:46:55 DEBUG - [WalkerCMS] Beginning generation of page: contact
2012-12-21 07:46:55 DEBUG - [WalkerCMS] Validated page ID: contact
2012-12-21 07:47:01 DEBUG - [WalkerCMS] Beginning generation of page: about
2012-12-21 07:47:01 DEBUG - [WalkerCMS] Validated page ID: about
2012-12-21 08:17:32 DEBUG - [WalkerCMS] Beginning generation of page: home
2012-12-21 08:17:32 DEBUG - [WalkerCMS] Validated page ID: home
2012-12-21 08:21:15 DEBUG - [WalkerCMS] Beginning generation of page: home
2012-12-21 08:21:15 DEBUG - [WalkerCMS] Validated page ID: home
2012-12-21 17:54:14 DEBUG - [WalkerCMS] Beginning generation of page: services
2012-12-21 17:54:14 DEBUG - [WalkerCMS] Validated page ID: services
2012-12-21 17:54:15 DEBUG - [WalkerCMS] Beginning generation of page: home
2012-12-21 17:54:15 DEBUG - [WalkerCMS] Validated page ID: home
2012-12-21 17:54:16 DEBUG - [WalkerCMS] Beginning generation of page: services
2012-12-21 17:54:16 DEBUG - [WalkerCMS] Validated page ID: services
2012-12-21 17:54:20 DEBUG - [WalkerCMS] Beginning generation of page: pests
2012-12-21 17:54:20 DEBUG - [WalkerCMS] Validated page ID: pests
2012-12-21 17:54:25 DEBUG - [WalkerCMS] Beginning generation of page: contact
2012-12-21 17:54:25 DEBUG - [WalkerCMS] Validated page ID: contact
2012-12-21 17:54:26 DEBUG - [WalkerCMS] Beginning generation of page: about
2012-12-21 17:54:26 DEBUG - [WalkerCMS] Validated page ID: about
2012-12-21 17:54:29 DEBUG - [WalkerCMS] Beginning generation of page: contact
2012-12-21 17:54:29 DEBUG - [WalkerCMS] Validated page ID: contact
2012-12-21 17:54:30 DEBUG - [WalkerCMS] Beginning generation of page: about
2012-12-21 17:54:30 DEBUG - [WalkerCMS] Validated page ID: about
2012-12-21 21:31:39 DEBUG - [WalkerCMS] Beginning generation of page: home
2012-12-21 21:31:39 DEBUG - [WalkerCMS] Validated page ID: home
2012-12-21 21:31:41 DEBUG - [WalkerCMS] Beginning generation of page: home
2012-12-21 21:31:41 DEBUG - [WalkerCMS] Validated page ID: home
2012-12-21 21:41:17 DEBUG - [WalkerCMS] Beginning generation of page: home
2012-12-21 21:41:17 DEBUG - [WalkerCMS] Validated page ID: home
2012-12-21 21:49:01 DEBUG - [WalkerCMS] Beginning generation of page: home
2012-12-21 21:49:01 DEBUG - [WalkerCMS] Validated page ID: home
2012-12-21 21:49:02 DEBUG - [WalkerCMS] Beginning generation of page: home
2012-12-21 21:49:02 DEBUG - [WalkerCMS] Validated page ID: home
