2012-12-18 06:11:56 DEBUG - [WalkerCMS] Beginning generation of page: home
2012-12-18 06:11:56 DEBUG - [WalkerCMS] Validated page ID: home
2012-12-18 07:03:56 DEBUG - [WalkerCMS] Beginning generation of page: home
2012-12-18 07:03:56 DEBUG - [WalkerCMS] Validated page ID: home
2012-12-18 07:04:04 DEBUG - [WalkerCMS] Beginning generation of page: wildlife
2012-12-18 07:04:04 DEBUG - [WalkerCMS] Validated page ID: wildlife
2012-12-18 07:04:11 DEBUG - [WalkerCMS] Beginning generation of page: wildlife
2012-12-18 07:04:11 DEBUG - [WalkerCMS] Validated page ID: wildlife
2012-12-18 07:04:16 DEBUG - [WalkerCMS] Beginning generation of page: services
2012-12-18 07:04:16 DEBUG - [WalkerCMS] Validated page ID: services
2012-12-18 07:04:17 DEBUG - [WalkerCMS] Beginning generation of page: pests
2012-12-18 07:04:17 DEBUG - [WalkerCMS] Validated page ID: pests
2012-12-18 07:04:19 DEBUG - [WalkerCMS] Beginning generation of page: home
2012-12-18 07:04:19 DEBUG - [WalkerCMS] Validated page ID: home
2012-12-18 07:04:20 DEBUG - [WalkerCMS] Beginning generation of page: home
2012-12-18 07:04:20 DEBUG - [WalkerCMS] Validated page ID: home
2012-12-18 07:04:22 DEBUG - [WalkerCMS] Beginning generation of page: services
2012-12-18 07:04:22 DEBUG - [WalkerCMS] Validated page ID: services
2012-12-18 07:04:23 DEBUG - [WalkerCMS] Beginning generation of page: home
2012-12-18 07:04:23 DEBUG - [WalkerCMS] Validated page ID: home
2012-12-18 07:04:29 DEBUG - [WalkerCMS] Beginning generation of page: contact
2012-12-18 07:04:29 DEBUG - [WalkerCMS] Validated page ID: contact
2012-12-18 07:04:31 DEBUG - [WalkerCMS] Beginning generation of page: about
2012-12-18 07:04:31 DEBUG - [WalkerCMS] Validated page ID: about
2012-12-18 07:04:37 DEBUG - [WalkerCMS] Beginning generation of page: pests
2012-12-18 07:04:37 DEBUG - [WalkerCMS] Validated page ID: pests
2012-12-18 07:04:39 DEBUG - [WalkerCMS] Beginning generation of page: services
2012-12-18 07:04:39 DEBUG - [WalkerCMS] Validated page ID: services
2012-12-18 07:07:06 DEBUG - [WalkerCMS] Beginning generation of page: services
2012-12-18 07:07:06 DEBUG - [WalkerCMS] Validated page ID: services
2012-12-18 07:07:09 DEBUG - [WalkerCMS] Beginning generation of page: home
2012-12-18 07:07:10 DEBUG - [WalkerCMS] Validated page ID: home
2012-12-18 07:07:10 DEBUG - [WalkerCMS] Beginning generation of page: services
2012-12-18 07:07:10 DEBUG - [WalkerCMS] Validated page ID: services
2012-12-18 07:07:11 DEBUG - [WalkerCMS] Beginning generation of page: pests
2012-12-18 07:07:11 DEBUG - [WalkerCMS] Validated page ID: pests
2012-12-18 21:57:57 DEBUG - [WalkerCMS] Beginning generation of page: pests
2012-12-18 21:57:57 DEBUG - [WalkerCMS] Validated page ID: pests
2012-12-18 22:06:29 DEBUG - [WalkerCMS] Beginning generation of page: pests
2012-12-18 22:06:29 DEBUG - [WalkerCMS] Validated page ID: pests
2012-12-18 22:08:29 DEBUG - [WalkerCMS] Beginning generation of page: pests
2012-12-18 22:08:29 DEBUG - [WalkerCMS] Validated page ID: pests
2012-12-18 22:09:36 DEBUG - [WalkerCMS] Beginning generation of page: pests
2012-12-18 22:09:36 DEBUG - [WalkerCMS] Validated page ID: pests
2012-12-18 22:10:27 DEBUG - [WalkerCMS] Beginning generation of page: pests
2012-12-18 22:10:27 DEBUG - [WalkerCMS] Validated page ID: pests
2012-12-18 22:12:21 DEBUG - [WalkerCMS] Beginning generation of page: pests
2012-12-18 22:12:21 DEBUG - [WalkerCMS] Validated page ID: pests
2012-12-18 22:12:24 DEBUG - [WalkerCMS] Beginning generation of page: home
2012-12-18 22:12:24 DEBUG - [WalkerCMS] Validated page ID: home
2012-12-18 22:12:25 DEBUG - [WalkerCMS] Beginning generation of page: home
2012-12-18 22:12:25 DEBUG - [WalkerCMS] Validated page ID: home
