2012-12-20 05:47:41 DEBUG - [WalkerCMS] Beginning generation of page: home
2012-12-20 05:47:41 DEBUG - [WalkerCMS] Validated page ID: home
2012-12-20 05:48:22 DEBUG - [WalkerCMS] Beginning generation of page: home
2012-12-20 05:48:22 DEBUG - [WalkerCMS] Validated page ID: home
2012-12-20 05:48:51 DEBUG - [WalkerCMS] Beginning generation of page: home
2012-12-20 05:48:51 DEBUG - [WalkerCMS] Validated page ID: home
2012-12-20 05:56:32 DEBUG - [WalkerCMS] Beginning generation of page: home
2012-12-20 05:56:32 DEBUG - [WalkerCMS] Validated page ID: home
2012-12-20 06:51:39 DEBUG - [WalkerCMS] Beginning generation of page: home
2012-12-20 06:51:39 DEBUG - [WalkerCMS] Validated page ID: home
2012-12-20 07:01:26 DEBUG - [WalkerCMS] Beginning generation of page: home
2012-12-20 07:01:26 DEBUG - [WalkerCMS] Validated page ID: home
2012-12-20 07:01:50 DEBUG - [WalkerCMS] Beginning generation of page: home
2012-12-20 07:01:50 DEBUG - [WalkerCMS] Validated page ID: home
2012-12-20 07:01:57 DEBUG - [WalkerCMS] Beginning generation of page: about
2012-12-20 07:01:57 DEBUG - [WalkerCMS] Validated page ID: about
2012-12-20 07:02:00 DEBUG - [WalkerCMS] Beginning generation of page: contact
2012-12-20 07:02:00 DEBUG - [WalkerCMS] Validated page ID: contact
2012-12-20 07:02:05 DEBUG - [WalkerCMS] Beginning generation of page: services
2012-12-20 07:02:05 DEBUG - [WalkerCMS] Validated page ID: services
2012-12-20 07:02:07 DEBUG - [WalkerCMS] Beginning generation of page: home
2012-12-20 07:02:07 DEBUG - [WalkerCMS] Validated page ID: home
2012-12-20 09:03:37 DEBUG - [WalkerCMS] Beginning generation of page: home
2012-12-20 09:03:37 DEBUG - [WalkerCMS] Validated page ID: home
2012-12-20 09:07:03 DEBUG - [WalkerCMS] Beginning generation of page: home
2012-12-20 09:07:03 DEBUG - [WalkerCMS] Validated page ID: home
2012-12-20 09:07:06 DEBUG - [WalkerCMS] Beginning generation of page: home
2012-12-20 09:07:06 DEBUG - [WalkerCMS] Validated page ID: home
2012-12-20 12:51:23 DEBUG - [WalkerCMS] Beginning generation of page: home
2012-12-20 12:51:23 DEBUG - [WalkerCMS] Validated page ID: home
2012-12-20 22:38:33 DEBUG - [WalkerCMS] Beginning generation of page: home
2012-12-20 22:38:33 DEBUG - [WalkerCMS] Validated page ID: home
2012-12-20 22:41:45 DEBUG - [WalkerCMS] Beginning generation of page: home
2012-12-20 22:41:45 DEBUG - [WalkerCMS] Validated page ID: home
2012-12-20 22:41:50 DEBUG - [WalkerCMS] Beginning generation of page: services
2012-12-20 22:41:50 DEBUG - [WalkerCMS] Validated page ID: services
2012-12-20 22:41:51 DEBUG - [WalkerCMS] Beginning generation of page: pests
2012-12-20 22:41:51 DEBUG - [WalkerCMS] Validated page ID: pests
2012-12-20 22:41:56 DEBUG - [WalkerCMS] Beginning generation of page: contact
2012-12-20 22:41:56 DEBUG - [WalkerCMS] Validated page ID: contact
2012-12-20 22:41:58 DEBUG - [WalkerCMS] Beginning generation of page: about
2012-12-20 22:41:58 DEBUG - [WalkerCMS] Validated page ID: about
2012-12-20 22:42:01 DEBUG - [WalkerCMS] Beginning generation of page: 500
2012-12-20 22:42:01 DEBUG - [WalkerCMS] Validated page ID: 500
2012-12-20 22:42:04 DEBUG - [WalkerCMS] Beginning generation of page: home
2012-12-20 22:42:04 DEBUG - [WalkerCMS] Validated page ID: home
2012-12-20 22:44:43 DEBUG - [WalkerCMS] Beginning generation of page: home
2012-12-20 22:44:43 DEBUG - [WalkerCMS] Validated page ID: home
2012-12-20 22:47:02 DEBUG - [WalkerCMS] Beginning generation of page: home
2012-12-20 22:47:02 DEBUG - [WalkerCMS] Validated page ID: home
2012-12-20 22:47:14 DEBUG - [WalkerCMS] Beginning generation of page: home
2012-12-20 22:47:14 DEBUG - [WalkerCMS] Validated page ID: home
2012-12-20 22:47:39 DEBUG - [WalkerCMS] Beginning generation of page: home
2012-12-20 22:47:39 DEBUG - [WalkerCMS] Validated page ID: home
2012-12-20 22:47:40 DEBUG - [WalkerCMS] Beginning generation of page: home
2012-12-20 22:47:40 DEBUG - [WalkerCMS] Validated page ID: home
2012-12-20 22:47:57 DEBUG - [WalkerCMS] Beginning generation of page: home
2012-12-20 22:47:58 DEBUG - [WalkerCMS] Validated page ID: home
2012-12-20 22:50:59 DEBUG - [WalkerCMS] Beginning generation of page: home
2012-12-20 22:50:59 DEBUG - [WalkerCMS] Validated page ID: home
2012-12-20 22:51:01 DEBUG - [WalkerCMS] Beginning generation of page: home
2012-12-20 22:51:01 DEBUG - [WalkerCMS] Validated page ID: home
2012-12-20 22:51:59 DEBUG - [WalkerCMS] Beginning generation of page: home
2012-12-20 22:51:59 DEBUG - [WalkerCMS] Validated page ID: home
2012-12-20 22:52:26 DEBUG - [WalkerCMS] Beginning generation of page: home
2012-12-20 22:52:26 DEBUG - [WalkerCMS] Validated page ID: home
2012-12-20 22:52:28 DEBUG - [WalkerCMS] Beginning generation of page: 500
2012-12-20 22:52:28 DEBUG - [WalkerCMS] Validated page ID: 500
2012-12-20 22:52:30 DEBUG - [WalkerCMS] Beginning generation of page: pests
2012-12-20 22:52:30 DEBUG - [WalkerCMS] Validated page ID: pests
2012-12-20 22:52:33 DEBUG - [WalkerCMS] Beginning generation of page: contact
2012-12-20 22:52:33 DEBUG - [WalkerCMS] Validated page ID: contact
2012-12-20 22:52:36 DEBUG - [WalkerCMS] Beginning generation of page: about
2012-12-20 22:52:36 DEBUG - [WalkerCMS] Validated page ID: about
